<?xml version="1.0" encoding="UTF-8"?>
<!-- Generated by org.testng.reporters.JUnitReportReporter -->
<testsuite skipped="0" hostname="MH30031711" name="com.Automation.project.testscripts.testLoginScript" tests="1" failures="0" timestamp="26 Apr 2018 14:30:10 GMT" time="9.330" errors="0">
  <testcase name="testLogin" time="9.330" classname="com.Automation.project.testscripts.testLoginScript"/>
</testsuite> <!-- com.Automation.project.testscripts.testLoginScript -->
